<?xml version="1.0" encoding="UTF-8"?>
<!-- Generated by org.testng.reporters.JUnitReportReporter -->
<testsuite hostname="harshu" failures="0" tests="1" name="com.rmg.createProject_4ways.Way3" time="8.667" errors="0" timestamp="20 Jul 2021 20:18:52 GMT" skipped="0">
  <testcase classname="com.rmg.createProject_4ways.Way3" name="jsonObject" time="8.667"/>
</testsuite> <!-- com.rmg.createProject_4ways.Way3 -->
