<?xml version="1.0" encoding="UTF-8"?>
<!-- Generated by org.testng.reporters.JUnitReportReporter -->
<testsuite hostname="harshu" failures="0" tests="1" name="com.rmg.crudtest.PutProjects" time="3.529" errors="0" timestamp="20 Jul 2021 08:20:31 GMT" skipped="0">
  <testcase classname="com.rmg.crudtest.PutProjects" name="putProjects" time="3.529"/>
</testsuite> <!-- com.rmg.crudtest.PutProjects -->
