<?xml version="1.0" encoding="UTF-8"?>
<!-- Generated by org.testng.reporters.JUnitReportReporter -->
<testsuite hostname="harshu" failures="0" tests="1" name="com.rmg.crudtest.PostProjects_Bdd" time="9.911" errors="0" timestamp="20 Jul 2021 02:36:23 GMT" skipped="0">
  <testcase classname="com.rmg.crudtest.PostProjects_Bdd" name="addProject" time="9.911"/>
</testsuite> <!-- com.rmg.crudtest.PostProjects_Bdd -->
