<?xml version="1.0" encoding="UTF-8"?>
<!-- Generated by org.testng.reporters.JUnitReportReporter -->
<testsuite hostname="harshu" failures="0" tests="1" name="com.rmg.crudtest.GetProject_Bdd" time="7.136" errors="0" timestamp="20 Jul 2021 20:09:00 GMT" skipped="0">
  <testcase classname="com.rmg.crudtest.GetProject_Bdd" name="getProjects" time="7.136"/>
</testsuite> <!-- com.rmg.crudtest.GetProject_Bdd -->
