<?xml version="1.0" encoding="UTF-8"?>
<!-- Generated by org.testng.reporters.JUnitReportReporter -->
<testsuite hostname="harshu" failures="0" tests="1" name="com.rmg.projecttest.SimpleProjectTest" time="7.280" errors="0" timestamp="19 Jul 2021 09:30:48 GMT" skipped="0">
  <testcase classname="com.rmg.projecttest.SimpleProjectTest" name="getAllProjects" time="7.280"/>
</testsuite> <!-- com.rmg.projecttest.SimpleProjectTest -->
