<?xml version="1.0" encoding="UTF-8"?>
<!-- Generated by org.testng.reporters.JUnitReportReporter -->
<testsuite hostname="harshu" failures="0" tests="1" name="com.rmg.crudtest.Delete" time="11.690" errors="0" timestamp="20 Jul 2021 18:52:23 GMT" skipped="0">
  <testcase classname="com.rmg.crudtest.Delete" name="delete" time="11.690"/>
</testsuite> <!-- com.rmg.crudtest.Delete -->
